

================================================================
== Vivado HLS Report for 'Block_codeRepl1_proc'
================================================================
* Date:           Mon Apr 29 21:45:07 2019

* Version:        2017.2 (Build 1909853 on Thu Jun 15 18:55:24 MDT 2017)
* Project:        mixer
* Solution:       solution1
* Product family: zynq
* Target device:  xc7z100ffg900-1


================================================================
== Performance Estimates
================================================================
+ Timing (ns): 
    * Summary: 
    +--------+-------+----------+------------+
    |  Clock | Target| Estimated| Uncertainty|
    +--------+-------+----------+------------+
    |ap_clk  |  10.00|      7.29|        1.25|
    +--------+-------+----------+------------+

+ Latency (clock cycles): 
    * Summary: 
    +-----+-----+-----+-----+---------+
    |  Latency  |  Interval | Pipeline|
    | min | max | min | max |   Type  |
    +-----+-----+-----+-----+---------+
    |   22|   22|   22|   22|   none  |
    +-----+-----+-----+-----+---------+

    + Detail: 
        * Instance: 
        N/A

        * Loop: 
        N/A



================================================================
== Utilization Estimates
================================================================
* Summary: 
+-----------------+---------+-------+--------+--------+
|       Name      | BRAM_18K| DSP48E|   FF   |   LUT  |
+-----------------+---------+-------+--------+--------+
|DSP              |        -|      -|       -|       -|
|Expression       |        -|      -|       0|     127|
|FIFO             |        -|      -|       -|       -|
|Instance         |        -|     16|    1114|    2542|
|Memory           |        -|      -|       -|       -|
|Multiplexer      |        -|      -|       -|     416|
|Register         |        -|      -|     696|       -|
+-----------------+---------+-------+--------+--------+
|Total            |        0|     16|    1810|    3085|
+-----------------+---------+-------+--------+--------+
|Available        |     1510|   2020|  554800|  277400|
+-----------------+---------+-------+--------+--------+
|Utilization (%)  |        0|   ~0  |   ~0   |       1|
+-----------------+---------+-------+--------+--------+

+ Detail: 
    * Instance: 
    +-------------------------+----------------------+---------+-------+-----+-----+
    |         Instance        |        Module        | BRAM_18K| DSP48E|  FF | LUT |
    +-------------------------+----------------------+---------+-------+-----+-----+
    |mixer_fadd_32ns_3bkb_U1  |mixer_fadd_32ns_3bkb  |        0|      2|  205|  390|
    |mixer_fadd_32ns_3bkb_U2  |mixer_fadd_32ns_3bkb  |        0|      2|  205|  390|
    |mixer_fcmp_32ns_3dEe_U7  |mixer_fcmp_32ns_3dEe  |        0|      0|   66|  239|
    |mixer_fcmp_32ns_3dEe_U8  |mixer_fcmp_32ns_3dEe  |        0|      0|   66|  239|
    |mixer_fmul_32ns_3cud_U3  |mixer_fmul_32ns_3cud  |        0|      3|  143|  321|
    |mixer_fmul_32ns_3cud_U4  |mixer_fmul_32ns_3cud  |        0|      3|  143|  321|
    |mixer_fmul_32ns_3cud_U5  |mixer_fmul_32ns_3cud  |        0|      3|  143|  321|
    |mixer_fmul_32ns_3cud_U6  |mixer_fmul_32ns_3cud  |        0|      3|  143|  321|
    +-------------------------+----------------------+---------+-------+-----+-----+
    |Total                    |                      |        0|     16| 1114| 2542|
    +-------------------------+----------------------+---------+-------+-----+-----+

    * DSP48: 
    N/A

    * Memory: 
    N/A

    * FIFO: 
    N/A

    * Expression: 
    +------------------------+----------+-------+---+----+------------+------------+
    |      Variable Name     | Operation| DSP48E| FF| LUT| Bitwidth P0| Bitwidth P1|
    +------------------------+----------+-------+---+----+------------+------------+
    |ap_block_state3         |    and   |      0|  0|   2|           1|           1|
    |ap_block_state5         |    and   |      0|  0|   2|           1|           1|
    |ap_block_state7         |    and   |      0|  0|   2|           1|           1|
    |ap_block_state9         |    and   |      0|  0|   2|           1|           1|
    |in0_V_0_load_A          |    and   |      0|  0|   2|           1|           1|
    |in0_V_0_load_B          |    and   |      0|  0|   2|           1|           1|
    |in1_V_0_load_A          |    and   |      0|  0|   2|           1|           1|
    |in1_V_0_load_B          |    and   |      0|  0|   2|           1|           1|
    |in2_V_0_load_A          |    and   |      0|  0|   2|           1|           1|
    |in2_V_0_load_B          |    and   |      0|  0|   2|           1|           1|
    |in3_V_0_load_A          |    and   |      0|  0|   2|           1|           1|
    |in3_V_0_load_B          |    and   |      0|  0|   2|           1|           1|
    |or_cond1_fu_287_p2      |    and   |      0|  0|   2|           1|           1|
    |or_cond2_fu_332_p2      |    and   |      0|  0|   2|           1|           1|
    |or_cond3_fu_377_p2      |    and   |      0|  0|   2|           1|           1|
    |or_cond_fu_242_p2       |    and   |      0|  0|   2|           1|           1|
    |out_V_1_load_A          |    and   |      0|  0|   2|           1|           1|
    |out_V_1_load_B          |    and   |      0|  0|   2|           1|           1|
    |in0_V_0_state_cmp_full  |   icmp   |      0|  0|   1|           2|           1|
    |in1_V_0_state_cmp_full  |   icmp   |      0|  0|   1|           2|           1|
    |in2_V_0_state_cmp_full  |   icmp   |      0|  0|   1|           2|           1|
    |in3_V_0_state_cmp_full  |   icmp   |      0|  0|   1|           2|           1|
    |notlhs2_fu_265_p2       |   icmp   |      0|  0|   4|           8|           2|
    |notlhs4_fu_310_p2       |   icmp   |      0|  0|   4|           8|           2|
    |notlhs6_fu_355_p2       |   icmp   |      0|  0|   4|           8|           2|
    |notlhs_fu_220_p2        |   icmp   |      0|  0|   4|           8|           2|
    |notrhs2_fu_271_p2       |   icmp   |      0|  0|  13|          23|           1|
    |notrhs4_fu_316_p2       |   icmp   |      0|  0|  13|          23|           1|
    |notrhs6_fu_361_p2       |   icmp   |      0|  0|  13|          23|           1|
    |notrhs_fu_226_p2        |   icmp   |      0|  0|  13|          23|           1|
    |out_V_1_state_cmp_full  |   icmp   |      0|  0|   1|           2|           1|
    |ap_block_state1         |    or    |      0|  0|   2|           1|           1|
    |tmp_11_fu_277_p2        |    or    |      0|  0|   2|           1|           1|
    |tmp_21_fu_283_p2        |    or    |      0|  0|   2|           1|           1|
    |tmp_25_fu_322_p2        |    or    |      0|  0|   2|           1|           1|
    |tmp_28_fu_328_p2        |    or    |      0|  0|   2|           1|           1|
    |tmp_2_fu_238_p2         |    or    |      0|  0|   2|           1|           1|
    |tmp_32_fu_367_p2        |    or    |      0|  0|   2|           1|           1|
    |tmp_35_fu_373_p2        |    or    |      0|  0|   2|           1|           1|
    |tmp_8_fu_232_p2         |    or    |      0|  0|   2|           1|           1|
    +------------------------+----------+-------+---+----+------------+------------+
    |Total                   |          |      0|  0| 127|         161|          44|
    +------------------------+----------+-------+---+----+------------+------------+

    * Multiplexer: 
    +----------------------+-----+-----------+-----+-----------+
    |         Name         | LUT | Input Size| Bits| Total Bits|
    +----------------------+-----+-----------+-----+-----------+
    |ap_NS_fsm             |  113|         24|    1|         24|
    |ap_done               |    9|          2|    1|          2|
    |grp_fu_156_p0         |   15|          3|   32|         96|
    |grp_fu_156_p1         |   15|          3|   32|         96|
    |grp_fu_185_p0         |   27|          5|   32|        160|
    |grp_fu_191_p0         |   27|          5|   32|        160|
    |in0_V_0_data_out      |    9|          2|   32|         64|
    |in0_V_0_state         |   15|          3|    2|          6|
    |in0_V_TDATA_blk_n     |    9|          2|    1|          2|
    |in1_V_0_data_out      |    9|          2|   32|         64|
    |in1_V_0_state         |   15|          3|    2|          6|
    |in1_V_TDATA_blk_n     |    9|          2|    1|          2|
    |in2_V_0_data_out      |    9|          2|   32|         64|
    |in2_V_0_state         |   15|          3|    2|          6|
    |in2_V_TDATA_blk_n     |    9|          2|    1|          2|
    |in3_V_0_data_out      |    9|          2|   32|         64|
    |in3_V_0_state         |   15|          3|    2|          6|
    |in3_V_TDATA_blk_n     |    9|          2|    1|          2|
    |out_V_1_data_out      |    9|          2|   32|         64|
    |out_V_1_state         |   15|          3|    2|          6|
    |out_V_TDATA_blk_n     |    9|          2|    1|          2|
    |tmp_10_reg_131        |    9|          2|   32|         64|
    |tmp_14_phi_fu_147_p4  |    9|          2|   32|         64|
    |tmp_14_reg_143        |    9|          2|   32|         64|
    |tmp_7_reg_107         |    9|          2|   32|         64|
    |tmp_s_reg_119         |    9|          2|   32|         64|
    +----------------------+-----+-----------+-----+-----------+
    |Total                 |  416|         87|  465|       1218|
    +----------------------+-----+-----------+-----+-----------+

    * Register: 
    +-------------------+----+----+-----+-----------+
    |        Name       | FF | LUT| Bits| Const Bits|
    +-------------------+----+----+-----+-----------+
    |ap_CS_fsm          |  23|   0|   23|          0|
    |ap_done_reg        |   1|   0|    1|          0|
    |in0_V_0_payload_A  |  32|   0|   32|          0|
    |in0_V_0_payload_B  |  32|   0|   32|          0|
    |in0_V_0_sel_rd     |   1|   0|    1|          0|
    |in0_V_0_sel_wr     |   1|   0|    1|          0|
    |in0_V_0_state      |   2|   0|    2|          0|
    |in1_V_0_payload_A  |  32|   0|   32|          0|
    |in1_V_0_payload_B  |  32|   0|   32|          0|
    |in1_V_0_sel_rd     |   1|   0|    1|          0|
    |in1_V_0_sel_wr     |   1|   0|    1|          0|
    |in1_V_0_state      |   2|   0|    2|          0|
    |in2_V_0_payload_A  |  32|   0|   32|          0|
    |in2_V_0_payload_B  |  32|   0|   32|          0|
    |in2_V_0_sel_rd     |   1|   0|    1|          0|
    |in2_V_0_sel_wr     |   1|   0|    1|          0|
    |in2_V_0_state      |   2|   0|    2|          0|
    |in3_V_0_payload_A  |  32|   0|   32|          0|
    |in3_V_0_payload_B  |  32|   0|   32|          0|
    |in3_V_0_sel_rd     |   1|   0|    1|          0|
    |in3_V_0_sel_wr     |   1|   0|    1|          0|
    |in3_V_0_state      |   2|   0|    2|          0|
    |or_cond1_reg_442   |   1|   0|    1|          0|
    |or_cond2_reg_461   |   1|   0|    1|          0|
    |or_cond3_reg_480   |   1|   0|    1|          0|
    |or_cond_reg_423    |   1|   0|    1|          0|
    |out_V_1_payload_A  |  32|   0|   32|          0|
    |out_V_1_payload_B  |  32|   0|   32|          0|
    |out_V_1_sel_rd     |   1|   0|    1|          0|
    |out_V_1_sel_wr     |   1|   0|    1|          0|
    |out_V_1_state      |   2|   0|    2|          0|
    |reg_197            |  32|   0|   32|          0|
    |tmp_10_reg_131     |  32|   0|   32|          0|
    |tmp_12_reg_432     |   1|   0|    1|          0|
    |tmp_13_reg_437     |   1|   0|    1|          0|
    |tmp_14_reg_143     |  32|   0|   32|          0|
    |tmp_15_reg_484     |  32|   0|   32|          0|
    |tmp_16_reg_489     |  32|   0|   32|          0|
    |tmp_18_reg_494     |  32|   0|   32|          0|
    |tmp_19_reg_499     |  32|   0|   32|          0|
    |tmp_1_reg_394      |   1|   0|    1|          0|
    |tmp_20_reg_504     |  32|   0|   32|          0|
    |tmp_26_reg_451     |   1|   0|    1|          0|
    |tmp_27_reg_456     |   1|   0|    1|          0|
    |tmp_33_reg_470     |   1|   0|    1|          0|
    |tmp_34_reg_475     |   1|   0|    1|          0|
    |tmp_7_reg_107      |  32|   0|   32|          0|
    |tmp_9_reg_389      |   1|   0|    1|          0|
    |tmp_s_reg_119      |  32|   0|   32|          0|
    +-------------------+----+----+-----+-----------+
    |Total              | 696|   0|  696|          0|
    +-------------------+----+----+-----+-----------+



================================================================
== Interface
================================================================
* Summary: 
+--------------+-----+-----+------------+----------------------+--------------+
|   RTL Ports  | Dir | Bits|  Protocol  |     Source Object    |    C Type    |
+--------------+-----+-----+------------+----------------------+--------------+
|ap_clk        |  in |    1| ap_ctrl_hs | Block_codeRepl1_proc | return value |
|ap_rst        |  in |    1| ap_ctrl_hs | Block_codeRepl1_proc | return value |
|ap_start      |  in |    1| ap_ctrl_hs | Block_codeRepl1_proc | return value |
|ap_done       | out |    1| ap_ctrl_hs | Block_codeRepl1_proc | return value |
|ap_continue   |  in |    1| ap_ctrl_hs | Block_codeRepl1_proc | return value |
|ap_idle       | out |    1| ap_ctrl_hs | Block_codeRepl1_proc | return value |
|ap_ready      | out |    1| ap_ctrl_hs | Block_codeRepl1_proc | return value |
|lev0          |  in |   32|   ap_none  |         lev0         |    scalar    |
|in0_V_TDATA   |  in |   32|    axis    |         in0_V        |    pointer   |
|in0_V_TVALID  |  in |    1|    axis    |         in0_V        |    pointer   |
|in0_V_TREADY  | out |    1|    axis    |         in0_V        |    pointer   |
|lev1          |  in |   32|   ap_none  |         lev1         |    scalar    |
|in1_V_TDATA   |  in |   32|    axis    |         in1_V        |    pointer   |
|in1_V_TVALID  |  in |    1|    axis    |         in1_V        |    pointer   |
|in1_V_TREADY  | out |    1|    axis    |         in1_V        |    pointer   |
|lev2          |  in |   32|   ap_none  |         lev2         |    scalar    |
|in2_V_TDATA   |  in |   32|    axis    |         in2_V        |    pointer   |
|in2_V_TVALID  |  in |    1|    axis    |         in2_V        |    pointer   |
|in2_V_TREADY  | out |    1|    axis    |         in2_V        |    pointer   |
|lev3          |  in |   32|   ap_none  |         lev3         |    scalar    |
|in3_V_TDATA   |  in |   32|    axis    |         in3_V        |    pointer   |
|in3_V_TVALID  |  in |    1|    axis    |         in3_V        |    pointer   |
|in3_V_TREADY  | out |    1|    axis    |         in3_V        |    pointer   |
|out_V_TDATA   | out |   32|    axis    |         out_V        |    pointer   |
|out_V_TVALID  | out |    1|    axis    |         out_V        |    pointer   |
|out_V_TREADY  |  in |    1|    axis    |         out_V        |    pointer   |
+--------------+-----+-----+------------+----------------------+--------------+

